<?xml version="1.0" encoding="UTF-8"?>
<testng-results ignored="0" total="1" passed="1" failed="0" skipped="0">
  <reporter-output>
  </reporter-output>
  <suite started-at="2025-03-16T22:20:22 ICT" name="Default suite" finished-at="2025-03-16T22:22:21 ICT" duration-ms="119079">
    <groups>
    </groups>
    <test started-at="2025-03-16T22:20:22 ICT" name="Default test" finished-at="2025-03-16T22:22:21 ICT" duration-ms="119079">
      <class name="tests.PracticeFormTest">
        <test-method is-config="true" signature="openWeb()[pri:0, instance:tests.PracticeFormTest@6e20b53a]" started-at="2025-03-16T22:20:22 ICT" name="openWeb" finished-at="2025-03-16T22:22:15 ICT" duration-ms="112342" status="PASS">
          <reporter-output>
          </reporter-output>
        </test-method> <!-- openWeb -->
        <test-method signature="submitDataSuccessfully()[pri:0, instance:tests.PracticeFormTest@6e20b53a]" started-at="2025-03-16T22:22:15 ICT" name="submitDataSuccessfully" finished-at="2025-03-16T22:22:21 ICT" duration-ms="6677" status="PASS">
          <reporter-output>
          </reporter-output>
        </test-method> <!-- submitDataSuccessfully -->
      </class> <!-- tests.PracticeFormTest -->
    </test> <!-- Default test -->
  </suite> <!-- Default suite -->
</testng-results>
